# JRE version: OpenJDK Runtime Environment Temurin-21.0.12.1+1 (21.0.12.1+1) (build 21.0.12.1+1-LTS)
# Java VM: OpenJDK 64-Bit Server VM Temurin-21.0.12.1+1 (21.0.12.1+1-LTS, mixed mode, sharing, tiered, compressed oops, compressed class ptrs, g1 gc, windows-amd64)
GC Precious Log:
 CardTable entry size: 512
 Card Set container configuration: InlinePtr #cards 5 size 8 Array Of Cards #cards 12 size 40 Howl #buckets 4 coarsen threshold 1843 Howl Bitmap #cards 512 size 80 coarsen threshold 460 Card regions per heap region 1 cards per card region 2048
 CPUs: 16 total, 16 available
 Memory: 16149M
 Large Page Support: Disabled
 NUMA Support: Disabled
 Compressed Oops: Enabled (32-bit)
 Heap Region Size: 1M
 Heap Min Capacity: 256M
 Heap Initial Capacity: 256M
 Heap Max Capacity: 512M
 Pre-touch: Disabled
 Parallel Workers: 13
 Concurrent Workers: 3
 Concurrent Refinement Workers: 13
 Periodic GC: Disabled
Heap:
 garbage-first heap   total 262144K, used 135345K [0x00000000e0000000, 0x0000000100000000)
  region size 1024K, 110 young (112640K), 14 survivors (14336K)
 Metaspace       used 55137K, committed 57280K, reserved 393216K
  class space    used 8262K, committed 9344K, reserved 327680K
GC Heap History (16 events):
Event: 24.334 GC heap before
{Heap before GC invocations=0 (full 0):
 garbage-first heap   total 262144K, used 26624K [0x00000000e0000000, 0x0000000100000000)
  region size 1024K, 23 young (23552K), 0 survivors (0K)
 Metaspace       used 1690K, committed 1856K, reserved 393216K
  class space    used 152K, committed 256K, reserved 327680K
}
Event: 24.339 GC heap after
{Heap after GC invocations=1 (full 0):
 garbage-first heap   total 262144K, used 10465K [0x00000000e0000000, 0x0000000100000000)
  region size 1024K, 3 young (3072K), 3 survivors (3072K)
 Metaspace       used 1690K, committed 1856K, reserved 393216K
  class space    used 152K, committed 256K, reserved 327680K
}
Event: 50.925 GC heap before
{Heap before GC invocations=1 (full 0):
 garbage-first heap   total 262144K, used 40161K [0x00000000e0000000, 0x0000000100000000)
  region size 1024K, 32 young (32768K), 3 survivors (3072K)
 Metaspace       used 4899K, committed 5120K, reserved 393216K
  class space    used 624K, committed 704K, reserved 327680K
}
Event: 50.930 GC heap after
{Heap after GC invocations=2 (full 0):
 garbage-first heap   total 262144K, used 12957K [0x00000000e0000000, 0x0000000100000000)
  region size 1024K, 3 young (3072K), 3 survivors (3072K)
 Metaspace       used 4899K, committed 5120K, reserved 393216K
  class space    used 624K, committed 704K, reserved 327680K
}
Event: 58.103 GC heap before
{Heap before GC invocations=2 (full 0):
 garbage-first heap   total 262144K, used 58013K [0x00000000e0000000, 0x0000000100000000)
  region size 1024K, 45 young (46080K), 3 survivors (3072K)
 Metaspace       used 5033K, committed 5248K, reserved 393216K
  class space    used 624K, committed 704K, reserved 327680K
}
Event: 58.106 GC heap after
{Heap after GC invocations=3 (full 0):
 garbage-first heap   total 262144K, used 17905K [0x00000000e0000000, 0x0000000100000000)
  region size 1024K, 6 young (6144K), 6 survivors (6144K)
 Metaspace       used 5033K, committed 5248K, reserved 393216K
  class space    used 624K, committed 704K, reserved 327680K
}
Event: 92.759 GC heap before
{Heap before GC invocations=3 (full 0):
 garbage-first heap   total 262144K, used 120305K [0x00000000e0000000, 0x0000000100000000)
  region size 1024K, 107 young (109568K), 6 survivors (6144K)
 Metaspace       used 20820K, committed 21504K, reserved 393216K
  class space    used 2969K, committed 3328K, reserved 327680K
}
Event: 92.770 GC heap after
{Heap after GC invocations=4 (full 0):
 garbage-first heap   total 262144K, used 25251K [0x00000000e0000000, 0x0000000100000000)
  region size 1024K, 14 young (14336K), 14 survivors (14336K)
 Metaspace       used 20820K, committed 21504K, reserved 393216K
  class space    used 2969K, committed 3328K, reserved 327680K
}
Event: 96.898 GC heap before
{Heap before GC invocations=5 (full 0):
 garbage-first heap   total 262144K, used 130723K [0x00000000e0000000, 0x0000000100000000)
  region size 1024K, 117 young (119808K), 14 survivors (14336K)
 Metaspace       used 34557K, committed 35968K, reserved 393216K
  class space    used 4974K, committed 5696K, reserved 327680K
}
Event: 96.907 GC heap after
{Heap after GC invocations=6 (full 0):
 garbage-first heap   total 262144K, used 31251K [0x00000000e0000000, 0x0000000100000000)
  region size 1024K, 14 young (14336K), 14 survivors (14336K)
 Metaspace       used 34557K, committed 35968K, reserved 393216K
  class space    used 4974K, committed 5696K, reserved 327680K
}
Event: 96.998 GC heap before
{Heap before GC invocations=6 (full 0):
 garbage-first heap   total 262144K, used 33299K [0x00000000e0000000, 0x0000000100000000)
  region size 1024K, 17 young (17408K), 14 survivors (14336K)
 Metaspace       used 34893K, committed 36288K, reserved 393216K
  class space    used 5015K, committed 5696K, reserved 327680K
}
Event: 97.006 GC heap after
{Heap after GC invocations=7 (full 0):
 garbage-first heap   total 262144K, used 32074K [0x00000000e0000000, 0x0000000100000000)
  region size 1024K, 7 young (7168K), 7 survivors (7168K)
 Metaspace       used 34893K, committed 36288K, reserved 393216K
  class space    used 5015K, committed 5696K, reserved 327680K
}
Event: 97.098 GC heap before
{Heap before GC invocations=7 (full 0):
 garbage-first heap   total 262144K, used 33098K [0x00000000e0000000, 0x0000000100000000)
  region size 1024K, 9 young (9216K), 7 survivors (7168K)
 Metaspace       used 35254K, committed 36608K, reserved 393216K
  class space    used 5049K, committed 5696K, reserved 327680K
}
Event: 97.102 GC heap after
{Heap after GC invocations=8 (full 0):
 garbage-first heap   total 262144K, used 31823K [0x00000000e0000000, 0x0000000100000000)
  region size 1024K, 7 young (7168K), 7 survivors (7168K)
 Metaspace       used 35254K, committed 36608K, reserved 393216K
  class space    used 5049K, committed 5696K, reserved 327680K
}
Event: 223.027 GC heap before
{Heap before GC invocations=9 (full 0):
 garbage-first heap   total 262144K, used 180303K [0x00000000e0000000, 0x0000000100000000)
  region size 1024K, 153 young (156672K), 7 survivors (7168K)
 Metaspace       used 49138K, committed 51072K, reserved 393216K
  class space    used 7296K, committed 8256K, reserved 327680K
}
Event: 223.093 GC heap after
{Heap after GC invocations=10 (full 0):
 garbage-first heap   total 262144K, used 39089K [0x00000000e0000000, 0x0000000100000000)
  region size 1024K, 14 young (14336K), 14 survivors (14336K)
 Metaspace       used 49138K, committed 51072K, reserved 393216K
  class space    used 7296K, committed 8256K, reserved 327680K
}

