# JRE version: OpenJDK Runtime Environment Temurin-21.0.12.1+1 (21.0.12.1+1) (build 21.0.12.1+1-LTS)
# Java VM: OpenJDK 64-Bit Server VM Temurin-21.0.12.1+1 (21.0.12.1+1-LTS, mixed mode, sharing, tiered, compressed oops, compressed class ptrs, g1 gc, windows-amd64)
GC Precious Log:
 CardTable entry size: 512
 Card Set container configuration: InlinePtr #cards 5 size 8 Array Of Cards #cards 12 size 40 Howl #buckets 4 coarsen threshold 1843 Howl Bitmap #cards 512 size 80 coarsen threshold 460 Card regions per heap region 1 cards per card region 2048
 CPUs: 16 total, 16 available
 Memory: 16149M
 Large Page Support: Disabled
 NUMA Support: Disabled
 Compressed Oops: Enabled (32-bit)
 Heap Region Size: 1M
 Heap Min Capacity: 256M
 Heap Initial Capacity: 256M
 Heap Max Capacity: 512M
 Pre-touch: Disabled
 Parallel Workers: 13
 Concurrent Workers: 3
 Concurrent Refinement Workers: 13
 Periodic GC: Disabled
Heap:
 garbage-first heap   total 262144K, used 58533K [0x00000000e0000000, 0x0000000100000000)
  region size 1024K, 34 young (34816K), 7 survivors (7168K)
 Metaspace       used 37381K, committed 38784K, reserved 393216K
  class space    used 5387K, committed 6080K, reserved 327680K
GC Heap History (14 events):
Event: 20.644 GC heap before
{Heap before GC invocations=0 (full 0):
 garbage-first heap   total 262144K, used 26624K [0x00000000e0000000, 0x0000000100000000)
  region size 1024K, 23 young (23552K), 0 survivors (0K)
 Metaspace       used 1704K, committed 1856K, reserved 393216K
  class space    used 152K, committed 256K, reserved 327680K
}
Event: 20.671 GC heap after
{Heap after GC invocations=1 (full 0):
 garbage-first heap   total 262144K, used 10655K [0x00000000e0000000, 0x0000000100000000)
  region size 1024K, 3 young (3072K), 3 survivors (3072K)
 Metaspace       used 1704K, committed 1856K, reserved 393216K
  class space    used 152K, committed 256K, reserved 327680K
}
Event: 56.247 GC heap before
{Heap before GC invocations=1 (full 0):
 garbage-first heap   total 262144K, used 40351K [0x00000000e0000000, 0x0000000100000000)
  region size 1024K, 32 young (32768K), 3 survivors (3072K)
 Metaspace       used 4904K, committed 5120K, reserved 393216K
  class space    used 624K, committed 704K, reserved 327680K
}
Event: 56.250 GC heap after
{Heap after GC invocations=2 (full 0):
 garbage-first heap   total 262144K, used 13065K [0x00000000e0000000, 0x0000000100000000)
  region size 1024K, 3 young (3072K), 3 survivors (3072K)
 Metaspace       used 4904K, committed 5120K, reserved 393216K
  class space    used 624K, committed 704K, reserved 327680K
}
Event: 94.455 GC heap before
{Heap before GC invocations=2 (full 0):
 garbage-first heap   total 262144K, used 62217K [0x00000000e0000000, 0x0000000100000000)
  region size 1024K, 49 young (50176K), 3 survivors (3072K)
 Metaspace       used 5142K, committed 5376K, reserved 393216K
  class space    used 643K, committed 768K, reserved 327680K
}
Event: 94.459 GC heap after
{Heap after GC invocations=3 (full 0):
 garbage-first heap   total 262144K, used 17900K [0x00000000e0000000, 0x0000000100000000)
  region size 1024K, 6 young (6144K), 6 survivors (6144K)
 Metaspace       used 5142K, committed 5376K, reserved 393216K
  class space    used 643K, committed 768K, reserved 327680K
}
Event: 116.163 GC heap before
{Heap before GC invocations=3 (full 0):
 garbage-first heap   total 262144K, used 115180K [0x00000000e0000000, 0x0000000100000000)
  region size 1024K, 102 young (104448K), 6 survivors (6144K)
 Metaspace       used 20782K, committed 21504K, reserved 393216K
  class space    used 2966K, committed 3328K, reserved 327680K
}
Event: 116.325 GC heap after
{Heap after GC invocations=4 (full 0):
 garbage-first heap   total 262144K, used 25271K [0x00000000e0000000, 0x0000000100000000)
  region size 1024K, 13 young (13312K), 13 survivors (13312K)
 Metaspace       used 20782K, committed 21504K, reserved 393216K
  class space    used 2966K, committed 3328K, reserved 327680K
}
Event: 123.306 GC heap before
{Heap before GC invocations=5 (full 0):
 garbage-first heap   total 262144K, used 131767K [0x00000000e0000000, 0x0000000100000000)
  region size 1024K, 117 young (119808K), 13 survivors (13312K)
 Metaspace       used 34762K, committed 36160K, reserved 393216K
  class space    used 5004K, committed 5696K, reserved 327680K
}
Event: 123.318 GC heap after
{Heap after GC invocations=6 (full 0):
 garbage-first heap   total 262144K, used 31014K [0x00000000e0000000, 0x0000000100000000)
  region size 1024K, 13 young (13312K), 13 survivors (13312K)
 Metaspace       used 34762K, committed 36160K, reserved 393216K
  class space    used 5004K, committed 5696K, reserved 327680K
}
Event: 123.551 GC heap before
{Heap before GC invocations=6 (full 0):
 garbage-first heap   total 262144K, used 34086K [0x00000000e0000000, 0x0000000100000000)
  region size 1024K, 17 young (17408K), 13 survivors (13312K)
 Metaspace       used 35069K, committed 36480K, reserved 393216K
  class space    used 5043K, committed 5760K, reserved 327680K
}
Event: 123.588 GC heap after
{Heap after GC invocations=7 (full 0):
 garbage-first heap   total 262144K, used 31990K [0x00000000e0000000, 0x0000000100000000)
  region size 1024K, 7 young (7168K), 7 survivors (7168K)
 Metaspace       used 35069K, committed 36480K, reserved 393216K
  class space    used 5043K, committed 5760K, reserved 327680K
}
Event: 123.700 GC heap before
{Heap before GC invocations=7 (full 0):
 garbage-first heap   total 262144K, used 33014K [0x00000000e0000000, 0x0000000100000000)
  region size 1024K, 9 young (9216K), 7 survivors (7168K)
 Metaspace       used 35387K, committed 36800K, reserved 393216K
  class space    used 5062K, committed 5760K, reserved 327680K
}
Event: 123.705 GC heap after
{Heap after GC invocations=8 (full 0):
 garbage-first heap   total 262144K, used 31909K [0x00000000e0000000, 0x0000000100000000)
  region size 1024K, 7 young (7168K), 7 survivors (7168K)
 Metaspace       used 35387K, committed 36800K, reserved 393216K
  class space    used 5062K, committed 5760K, reserved 327680K
}

