# JRE version: OpenJDK Runtime Environment Temurin-21.0.12.1+1 (21.0.12.1+1) (build 21.0.12.1+1-LTS)
# Java VM: OpenJDK 64-Bit Server VM Temurin-21.0.12.1+1 (21.0.12.1+1-LTS, mixed mode, sharing, tiered, compressed oops, compressed class ptrs, g1 gc, windows-amd64)
GC Precious Log:
 CardTable entry size: 512
 Card Set container configuration: InlinePtr #cards 5 size 8 Array Of Cards #cards 12 size 40 Howl #buckets 4 coarsen threshold 1843 Howl Bitmap #cards 512 size 80 coarsen threshold 460 Card regions per heap region 1 cards per card region 2048
 CPUs: 16 total, 16 available
 Memory: 16149M
 Large Page Support: Disabled
 NUMA Support: Disabled
 Compressed Oops: Enabled (32-bit)
 Heap Region Size: 1M
 Heap Min Capacity: 256M
 Heap Initial Capacity: 256M
 Heap Max Capacity: 512M
 Pre-touch: Disabled
 Parallel Workers: 13
 Concurrent Workers: 3
 Concurrent Refinement Workers: 13
 Periodic GC: Disabled
Heap:
 garbage-first heap   total 262144K, used 118941K [0x00000000e0000000, 0x0000000100000000)
  region size 1024K, 93 young (95232K), 14 survivors (14336K)
 Metaspace       used 53825K, committed 56000K, reserved 393216K
  class space    used 8045K, committed 9088K, reserved 327680K
GC Heap History (16 events):
Event: 66.130 GC heap before
{Heap before GC invocations=0 (full 0):
 garbage-first heap   total 262144K, used 27648K [0x00000000e0000000, 0x0000000100000000)
  region size 1024K, 23 young (23552K), 0 survivors (0K)
 Metaspace       used 1692K, committed 1856K, reserved 393216K
  class space    used 152K, committed 256K, reserved 327680K
}
Event: 66.134 GC heap after
{Heap after GC invocations=1 (full 0):
 garbage-first heap   total 262144K, used 10395K [0x00000000e0000000, 0x0000000100000000)
  region size 1024K, 3 young (3072K), 3 survivors (3072K)
 Metaspace       used 1692K, committed 1856K, reserved 393216K
  class space    used 152K, committed 256K, reserved 327680K
}
Event: 108.942 GC heap before
{Heap before GC invocations=1 (full 0):
 garbage-first heap   total 262144K, used 41115K [0x00000000e0000000, 0x0000000100000000)
  region size 1024K, 33 young (33792K), 3 survivors (3072K)
 Metaspace       used 4906K, committed 5120K, reserved 393216K
  class space    used 626K, committed 704K, reserved 327680K
}
Event: 108.945 GC heap after
{Heap after GC invocations=2 (full 0):
 garbage-first heap   total 262144K, used 13169K [0x00000000e0000000, 0x0000000100000000)
  region size 1024K, 3 young (3072K), 3 survivors (3072K)
 Metaspace       used 4906K, committed 5120K, reserved 393216K
  class space    used 626K, committed 704K, reserved 327680K
}
Event: 119.497 GC heap before
{Heap before GC invocations=2 (full 0):
 garbage-first heap   total 262144K, used 58225K [0x00000000e0000000, 0x0000000100000000)
  region size 1024K, 45 young (46080K), 3 survivors (3072K)
 Metaspace       used 5040K, committed 5248K, reserved 393216K
  class space    used 626K, committed 704K, reserved 327680K
}
Event: 119.500 GC heap after
{Heap after GC invocations=3 (full 0):
 garbage-first heap   total 262144K, used 17869K [0x00000000e0000000, 0x0000000100000000)
  region size 1024K, 6 young (6144K), 6 survivors (6144K)
 Metaspace       used 5040K, committed 5248K, reserved 393216K
  class space    used 626K, committed 704K, reserved 327680K
}
Event: 179.671 GC heap before
{Heap before GC invocations=3 (full 0):
 garbage-first heap   total 262144K, used 123341K [0x00000000e0000000, 0x0000000100000000)
  region size 1024K, 110 young (112640K), 6 survivors (6144K)
 Metaspace       used 20865K, committed 21504K, reserved 393216K
  class space    used 2973K, committed 3264K, reserved 327680K
}
Event: 179.738 GC heap after
{Heap after GC invocations=4 (full 0):
 garbage-first heap   total 262144K, used 25778K [0x00000000e0000000, 0x0000000100000000)
  region size 1024K, 14 young (14336K), 14 survivors (14336K)
 Metaspace       used 20865K, committed 21504K, reserved 393216K
  class space    used 2973K, committed 3264K, reserved 327680K
}
Event: 183.685 GC heap before
{Heap before GC invocations=5 (full 0):
 garbage-first heap   total 262144K, used 131250K [0x00000000e0000000, 0x0000000100000000)
  region size 1024K, 117 young (119808K), 14 survivors (14336K)
 Metaspace       used 34716K, committed 36096K, reserved 393216K
  class space    used 4990K, committed 5696K, reserved 327680K
}
Event: 183.694 GC heap after
{Heap after GC invocations=6 (full 0):
 garbage-first heap   total 262144K, used 31277K [0x00000000e0000000, 0x0000000100000000)
  region size 1024K, 14 young (14336K), 14 survivors (14336K)
 Metaspace       used 34716K, committed 36096K, reserved 393216K
  class space    used 4990K, committed 5696K, reserved 327680K
}
Event: 183.857 GC heap before
{Heap before GC invocations=6 (full 0):
 garbage-first heap   total 262144K, used 34349K [0x00000000e0000000, 0x0000000100000000)
  region size 1024K, 18 young (18432K), 14 survivors (14336K)
 Metaspace       used 35100K, committed 36416K, reserved 393216K
  class space    used 5039K, committed 5696K, reserved 327680K
}
Event: 183.864 GC heap after
{Heap after GC invocations=7 (full 0):
 garbage-first heap   total 262144K, used 31730K [0x00000000e0000000, 0x0000000100000000)
  region size 1024K, 7 young (7168K), 7 survivors (7168K)
 Metaspace       used 35100K, committed 36416K, reserved 393216K
  class space    used 5039K, committed 5696K, reserved 327680K
}
Event: 183.935 GC heap before
{Heap before GC invocations=7 (full 0):
 garbage-first heap   total 262144K, used 31730K [0x00000000e0000000, 0x0000000100000000)
  region size 1024K, 8 young (8192K), 7 survivors (7168K)
 Metaspace       used 35335K, committed 36736K, reserved 393216K
  class space    used 5052K, committed 5760K, reserved 327680K
}
Event: 183.940 GC heap after
{Heap after GC invocations=8 (full 0):
 garbage-first heap   total 262144K, used 31704K [0x00000000e0000000, 0x0000000100000000)
  region size 1024K, 7 young (7168K), 7 survivors (7168K)
 Metaspace       used 35335K, committed 36736K, reserved 393216K
  class space    used 5052K, committed 5760K, reserved 327680K
}
Event: 266.042 GC heap before
{Heap before GC invocations=9 (full 0):
 garbage-first heap   total 262144K, used 181208K [0x00000000e0000000, 0x0000000100000000)
  region size 1024K, 153 young (156672K), 7 survivors (7168K)
 Metaspace       used 49505K, committed 51456K, reserved 393216K
  class space    used 7344K, committed 8256K, reserved 327680K
}
Event: 266.112 GC heap after
{Heap after GC invocations=10 (full 0):
 garbage-first heap   total 262144K, used 39069K [0x00000000e0000000, 0x0000000100000000)
  region size 1024K, 14 young (14336K), 14 survivors (14336K)
 Metaspace       used 49505K, committed 51456K, reserved 393216K
  class space    used 7344K, committed 8256K, reserved 327680K
}

